# JRE version: Java(TM) SE Runtime Environment (8.0_152-b16) (build 1.8.0_152-b16)
# Java VM: Java HotSpot(TM) 64-Bit Server VM (25.152-b16 mixed mode windows-amd64 compressed oops)
Heap:
 PSYoungGen      total 117760K, used 110360K [0x00000000e1100000, 0x00000000ea480000, 0x0000000100000000)
  eden space 117248K, 94% used [0x00000000e1100000,0x00000000e7cc6218,0x00000000e8380000)
  from space 512K, 0% used [0x00000000ea400000,0x00000000ea400000,0x00000000ea480000)
  to   space 6656K, 0% used [0x00000000e9780000,0x00000000e9780000,0x00000000e9e00000)
 ParOldGen       total 775168K, used 729637K [0x00000000a3200000, 0x00000000d2700000, 0x00000000e1100000)
  object space 775168K, 94% used [0x00000000a3200000,0x00000000cfa89618,0x00000000d2700000)
 Metaspace       used 11515K, capacity 11769K, committed 12032K, reserved 1060864K
  class space    used 1117K, capacity 1179K, committed 1280K, reserved 1048576K
GC Heap History (10 events):
Event: 13.403 GC heap before
{Heap before GC invocations=156 (full 74):
 PSYoungGen      total 117760K, used 109523K [0x00000000e1100000, 0x00000000ea480000, 0x0000000100000000)
  eden space 117248K, 93% used [0x00000000e1100000,0x00000000e7bf4ec8,0x00000000e8380000)
  from space 512K, 0% used [0x00000000ea400000,0x00000000ea400000,0x00000000ea480000)
  to   space 6656K, 4% used [0x00000000e9780000,0x00000000e97d0000,0x00000000e9e00000)
 ParOldGen       total 775168K, used 729781K [0x00000000a3200000, 0x00000000d2700000, 0x00000000e1100000)
  object space 775168K, 94% used [0x00000000a3200000,0x00000000cfaad518,0x00000000d2700000)
 Metaspace       used 11503K, capacity 11705K, committed 12032K, reserved 1060864K
  class space    used 1117K, capacity 1179K, committed 1280K, reserved 1048576K
Event: 13.461 GC heap after
Heap after GC invocations=156 (full 74):
 PSYoungGen      total 117760K, used 103223K [0x00000000e1100000, 0x00000000ea480000, 0x0000000100000000)
  eden space 117248K, 88% used [0x00000000e1100000,0x00000000e75cdff0,0x00000000e8380000)
  from space 512K, 0% used [0x00000000ea400000,0x00000000ea400000,0x00000000ea480000)
  to   space 6656K, 0% used [0x00000000e9780000,0x00000000e9780000,0x00000000e9e00000)
 ParOldGen       total 775168K, used 729608K [0x00000000a3200000, 0x00000000d2700000, 0x00000000e1100000)
  object space 775168K, 94% used [0x00000000a3200000,0x00000000cfa822e0,0x00000000d2700000)
 Metaspace       used 11503K, capacity 11705K, committed 12032K, reserved 1060864K
  class space    used 1117K, capacity 1179K, committed 1280K, reserved 1048576K
}
Event: 13.546 GC heap before
{Heap before GC invocations=157 (full 74):
 PSYoungGen      total 117760K, used 107399K [0x00000000e1100000, 0x00000000ea480000, 0x0000000100000000)
  eden space 117248K, 91% used [0x00000000e1100000,0x00000000e79e1ec8,0x00000000e8380000)
  from space 512K, 0% used [0x00000000ea400000,0x00000000ea400000,0x00000000ea480000)
  to   space 6656K, 0% used [0x00000000e9780000,0x00000000e9780000,0x00000000e9e00000)
 ParOldGen       total 775168K, used 729608K [0x00000000a3200000, 0x00000000d2700000, 0x00000000e1100000)
  object space 775168K, 94% used [0x00000000a3200000,0x00000000cfa822e0,0x00000000d2700000)
 Metaspace       used 11508K, capacity 11769K, committed 12032K, reserved 1060864K
  class space    used 1117K, capacity 1179K, committed 1280K, reserved 1048576K
Event: 13.578 GC heap after
Heap after GC invocations=157 (full 74):
 PSYoungGen      total 117760K, used 107399K [0x00000000e1100000, 0x00000000ea480000, 0x0000000100000000)
  eden space 117248K, 91% used [0x00000000e1100000,0x00000000e79e1ec8,0x00000000e8380000)
  from space 512K, 0% used [0x00000000ea400000,0x00000000ea400000,0x00000000ea480000)
  to   space 6656K, 7% used [0x00000000e9780000,0x00000000e97f8000,0x00000000e9e00000)
 ParOldGen       total 775168K, used 729640K [0x00000000a3200000, 0x00000000d2700000, 0x00000000e1100000)
  object space 775168K, 94% used [0x00000000a3200000,0x00000000cfa8a320,0x00000000d2700000)
 Metaspace       used 11508K, capacity 11769K, committed 12032K, reserved 1060864K
  class space    used 1117K, capacity 1179K, committed 1280K, reserved 1048576K
}
Event: 13.578 GC heap before
{Heap before GC invocations=158 (full 75):
 PSYoungGen      total 117760K, used 107399K [0x00000000e1100000, 0x00000000ea480000, 0x0000000100000000)
  eden space 117248K, 91% used [0x00000000e1100000,0x00000000e79e1ec8,0x00000000e8380000)
  from space 512K, 0% used [0x00000000ea400000,0x00000000ea400000,0x00000000ea480000)
  to   space 6656K, 7% used [0x00000000e9780000,0x00000000e97f8000,0x00000000e9e00000)
 ParOldGen       total 775168K, used 729640K [0x00000000a3200000, 0x00000000d2700000, 0x00000000e1100000)
  object space 775168K, 94% used [0x00000000a3200000,0x00000000cfa8a320,0x00000000d2700000)
 Metaspace       used 11508K, capacity 11769K, committed 12032K, reserved 1060864K
  class space    used 1117K, capacity 1179K, committed 1280K, reserved 1048576K
Event: 13.639 GC heap after
Heap after GC invocations=158 (full 75):
 PSYoungGen      total 117760K, used 103378K [0x00000000e1100000, 0x00000000ea480000, 0x0000000100000000)
  eden space 117248K, 88% used [0x00000000e1100000,0x00000000e75f4828,0x00000000e8380000)
  from space 512K, 0% used [0x00000000ea400000,0x00000000ea400000,0x00000000ea480000)
  to   space 6656K, 0% used [0x00000000e9780000,0x00000000e9780000,0x00000000e9e00000)
 ParOldGen       total 775168K, used 729640K [0x00000000a3200000, 0x00000000d2700000, 0x00000000e1100000)
  object space 775168K, 94% used [0x00000000a3200000,0x00000000cfa8a320,0x00000000d2700000)
 Metaspace       used 11508K, capacity 11769K, committed 12032K, reserved 1060864K
  class space    used 1117K, capacity 1179K, committed 1280K, reserved 1048576K
}
Event: 13.644 GC heap before
{Heap before GC invocations=159 (full 75):
 PSYoungGen      total 117760K, used 103429K [0x00000000e1100000, 0x00000000ea480000, 0x0000000100000000)
  eden space 117248K, 88% used [0x00000000e1100000,0x00000000e7601668,0x00000000e8380000)
  from space 512K, 0% used [0x00000000ea400000,0x00000000ea400000,0x00000000ea480000)
  to   space 6656K, 0% used [0x00000000e9780000,0x00000000e9780000,0x00000000e9e00000)
 ParOldGen       total 775168K, used 729640K [0x00000000a3200000, 0x00000000d2700000, 0x00000000e1100000)
  object space 775168K, 94% used [0x00000000a3200000,0x00000000cfa8a320,0x00000000d2700000)
 Metaspace       used 11508K, capacity 11769K, committed 12032K, reserved 1060864K
  class space    used 1117K, capacity 1179K, committed 1280K, reserved 1048576K
Event: 13.675 GC heap after
Heap after GC invocations=159 (full 75):
 PSYoungGen      total 117760K, used 103429K [0x00000000e1100000, 0x00000000ea480000, 0x0000000100000000)
  eden space 117248K, 88% used [0x00000000e1100000,0x00000000e7601668,0x00000000e8380000)
  from space 512K, 0% used [0x00000000ea400000,0x00000000ea400000,0x00000000ea480000)
  to   space 6656K, 7% used [0x00000000e9780000,0x00000000e97f8000,0x00000000e9e00000)
 ParOldGen       total 775168K, used 729640K [0x00000000a3200000, 0x00000000d2700000, 0x00000000e1100000)
  object space 775168K, 94% used [0x00000000a3200000,0x00000000cfa8a320,0x00000000d2700000)
 Metaspace       used 11508K, capacity 11769K, committed 12032K, reserved 1060864K
  class space    used 1117K, capacity 1179K, committed 1280K, reserved 1048576K
}
Event: 13.675 GC heap before
{Heap before GC invocations=160 (full 76):
 PSYoungGen      total 117760K, used 103429K [0x00000000e1100000, 0x00000000ea480000, 0x0000000100000000)
  eden space 117248K, 88% used [0x00000000e1100000,0x00000000e7601668,0x00000000e8380000)
  from space 512K, 0% used [0x00000000ea400000,0x00000000ea400000,0x00000000ea480000)
  to   space 6656K, 7% used [0x00000000e9780000,0x00000000e97f8000,0x00000000e9e00000)
 ParOldGen       total 775168K, used 729640K [0x00000000a3200000, 0x00000000d2700000, 0x00000000e1100000)
  object space 775168K, 94% used [0x00000000a3200000,0x00000000cfa8a320,0x00000000d2700000)
 Metaspace       used 11508K, capacity 11769K, committed 12032K, reserved 1060864K
  class space    used 1117K, capacity 1179K, committed 1280K, reserved 1048576K
Event: 13.738 GC heap after
Heap after GC invocations=160 (full 76):
 PSYoungGen      total 117760K, used 103377K [0x00000000e1100000, 0x00000000ea480000, 0x0000000100000000)
  eden space 117248K, 88% used [0x00000000e1100000,0x00000000e75f4738,0x00000000e8380000)
  from space 512K, 0% used [0x00000000ea400000,0x00000000ea400000,0x00000000ea480000)
  to   space 6656K, 0% used [0x00000000e9780000,0x00000000e9780000,0x00000000e9e00000)
 ParOldGen       total 775168K, used 729637K [0x00000000a3200000, 0x00000000d2700000, 0x00000000e1100000)
  object space 775168K, 94% used [0x00000000a3200000,0x00000000cfa89618,0x00000000d2700000)
 Metaspace       used 11508K, capacity 11769K, committed 12032K, reserved 1060864K
  class space    used 1117K, capacity 1179K, committed 1280K, reserved 1048576K
}

